#
# A fatal error has been detected by the Java Runtime Environment:
#
#  EXCEPTION_ACCESS_VIOLATION (0xc0000005) at pc=0x00000000682d8d85, pid=2300, tid=5600
#
# JRE version: Java(TM) SE Runtime Environment (8.0_77-b03) (build 1.8.0_77-b03)
# Java VM: Java HotSpot(TM) 64-Bit Server VM (25.77-b03 mixed mode windows-amd64 compressed oops)
# Problematic frame:
# V  [jvm.dll+0x128d85]
#
# Failed to write core dump. Minidumps are not enabled by default on client versions of Windows
#
# If you would like to submit a bug report, please visit:
#   http://bugreport.java.com/bugreport/crash.jsp
#

---------------  T H R E A D  ---------------

Current thread (0x000000000e206800):  JavaThread "JDWP Transport Listener: dt_socket" daemon [_thread_in_vm, id=5600, stack(0x000000000e600000,0x000000000e700000)]

siginfo: ExceptionCode=0xc0000005, reading address 0x00003b003b656c62

Registers:
RAX=0x000000000e6ff401, RBX=0x000000000e206800, RCX=0x00003b003b656c62, RDX=0x0000000000000000
RSP=0x000000000e6ff4a0, RBP=0x00003b003b656c62, RSI=0x000000000e6ff5b8, RDI=0x00000000025ba740
R8 =0x000000000e206800, R9 =0x0000000000000000, R10=0x0000000000000000, R11=0x0000000000000064
R12=0x0000000000000000, R13=0x000000000e2070d8, R14=0x0000000000000000, R15=0x0000000000000000
RIP=0x00000000682d8d85, EFLAGS=0x0000000000010202

Top of Stack: (sp=0x000000000e6ff4a0)
0x000000000e6ff4a0:   000000000e206800 000000000e4ced00
0x000000000e6ff4b0:   000000000e6ff568 00000000684de33b
0x000000000e6ff4c0:   000000000e206800 00000000684fab9d
0x000000000e6ff4d0:   0000000000000000 00000000680e9155
0x000000000e6ff4e0:   000000000cc6a898 00000000680f291e
0x000000000e6ff4f0:   000000000e206800 0000000000000000
0x000000000e6ff500:   0000000000000000 0000000000000000
0x000000000e6ff510:   00003b003b656c62 00000000680f1a15
0x000000000e6ff520:   000000000e6ff5b8 000000000e6ff590
0x000000000e6ff530:   0000000000000001 000000000cc6a898
0x000000000e6ff540:   00003b003b656c62 00000000680d53b3
0x000000000e6ff550:   000000000e6ff680 0000000000000001
0x000000000e6ff560:   0000000000000001 000000000cc6a898
0x000000000e6ff570:   00000000f0001002 0000000000000000
0x000000000e6ff580:   0000000000000000 0000000000000000
0x000000000e6ff590:   0000000000000001 00000000680d5571 

Instructions: (pc=0x00000000682d8d85)
0x00000000682d8d65:   cc cc cc cc cc cc cc cc cc cc cc 48 83 ec 28 48
0x00000000682d8d75:   85 c9 75 07 33 c0 48 83 c4 28 c3 48 89 5c 24 20
0x00000000682d8d85:   48 8b 19 48 85 db 74 20 48 83 fb 37 74 1a 48 8b
0x00000000682d8d95:   13 48 8b cb ff 52 10 84 c0 74 0d 48 8b c3 48 8b 


Register to memory mapping:

RAX=0x000000000e6ff401 is pointing into the stack for thread: 0x000000000e206800
RBX=0x000000000e206800 is a thread
RCX=0x00003b003b656c62 is an unknown value
RDX=0x0000000000000000 is an unknown value
RSP=0x000000000e6ff4a0 is pointing into the stack for thread: 0x000000000e206800
RBP=0x00003b003b656c62 is an unknown value
RSI=0x000000000e6ff5b8 is pointing into the stack for thread: 0x000000000e206800
RDI=0x00000000025ba740 is an unknown value
R8 =0x000000000e206800 is a thread
R9 =0x0000000000000000 is an unknown value
R10=0x0000000000000000 is an unknown value
R11=0x0000000000000064 is an unknown value
R12=0x0000000000000000 is an unknown value
R13=0x000000000e2070d8 is an unknown value
R14=0x0000000000000000 is an unknown value
R15=0x0000000000000000 is an unknown value


Stack: [0x000000000e600000,0x000000000e700000],  sp=0x000000000e6ff4a0,  free space=1021k
Native frames: (J=compiled Java code, j=interpreted, Vv=VM code, C=native code)
V  [jvm.dll+0x128d85]
V  [jvm.dll+0x34ab9d]
C  [jdwp.dll+0x21a15]
C  [jdwp.dll+0x53b3]
C  [jdwp.dll+0x5571]
C  [jdwp.dll+0xf0a8]
C  [jdwp.dll+0x1f2d5]
C  [jdwp.dll+0x1f4aa]
V  [jvm.dll+0x1bba58]
V  [jvm.dll+0x243434]
V  [jvm.dll+0x29a27a]
C  [msvcr100.dll+0x21d9f]
C  [msvcr100.dll+0x21e3b]
C  [KERNEL32.DLL+0x18102]
C  [ntdll.dll+0x5c5b4]


---------------  P R O C E S S  ---------------

Java Threads: ( => current thread )
  0x000000001e290000 JavaThread "pool-2-thread-10" [_thread_blocked, id=9940, stack(0x0000000023900000,0x0000000023a00000)]
  0x000000001e2b4000 JavaThread "pool-2-thread-9" [_thread_blocked, id=7324, stack(0x0000000023800000,0x0000000023900000)]
  0x000000001e2b1000 JavaThread "pool-2-thread-8" [_thread_blocked, id=6920, stack(0x0000000023700000,0x0000000023800000)]
  0x000000001e2b0800 JavaThread "pool-2-thread-7" [_thread_blocked, id=8128, stack(0x0000000023600000,0x0000000023700000)]
  0x000000001e2af800 JavaThread "pool-2-thread-6" [_thread_blocked, id=7724, stack(0x0000000023500000,0x0000000023600000)]
  0x000000001e2af000 JavaThread "pool-2-thread-5" [_thread_blocked, id=9796, stack(0x0000000023400000,0x0000000023500000)]
  0x000000001e5ce800 JavaThread "pool-2-thread-4" [_thread_blocked, id=5528, stack(0x0000000023300000,0x0000000023400000)]
  0x000000001e5ce000 JavaThread "pool-2-thread-3" [_thread_blocked, id=2516, stack(0x0000000023200000,0x0000000023300000)]
  0x000000001e44f000 JavaThread "pool-2-thread-2" [_thread_blocked, id=5264, stack(0x0000000023100000,0x0000000023200000)]
  0x000000001e44e000 JavaThread "pool-2-thread-1" [_thread_blocked, id=2060, stack(0x0000000023000000,0x0000000023100000)]
  0x000000000e2cb000 JavaThread "Service Thread" daemon [_thread_blocked, id=6080, stack(0x000000000ec50000,0x000000000ed50000)]
  0x000000000e282000 JavaThread "C1 CompilerThread2" daemon [_thread_blocked, id=192, stack(0x000000000eb50000,0x000000000ec50000)]
  0x000000000e22c000 JavaThread "C2 CompilerThread1" daemon [_thread_blocked, id=7164, stack(0x000000000ea50000,0x000000000eb50000)]
  0x000000000e232800 JavaThread "C2 CompilerThread0" daemon [_thread_blocked, id=11236, stack(0x000000000e950000,0x000000000ea50000)]
  0x000000000e218800 JavaThread "JDWP Command Reader" daemon [_thread_in_native, id=2120, stack(0x000000000e850000,0x000000000e950000)]
  0x000000000e215000 JavaThread "JDWP Event Helper Thread" daemon [_thread_blocked, id=10656, stack(0x000000000e750000,0x000000000e850000)]
=>0x000000000e206800 JavaThread "JDWP Transport Listener: dt_socket" daemon [_thread_in_vm, id=5600, stack(0x000000000e600000,0x000000000e700000)]
  0x000000000cc6d800 JavaThread "Attach Listener" daemon [_thread_blocked, id=4924, stack(0x000000000e100000,0x000000000e200000)]
  0x000000000cc20000 JavaThread "Signal Dispatcher" daemon [_thread_blocked, id=5180, stack(0x000000000e000000,0x000000000e100000)]
  0x00000000026bd800 JavaThread "Finalizer" daemon [_thread_blocked, id=5376, stack(0x000000000dea0000,0x000000000dfa0000)]
  0x00000000026b2000 JavaThread "Reference Handler" daemon [_thread_blocked, id=9224, stack(0x000000000dda0000,0x000000000dea0000)]
  0x00000000025c2800 JavaThread "main" [_thread_blocked, id=748, stack(0x0000000002440000,0x0000000002540000)]

Other Threads:
  0x000000000cbd7800 VMThread [stack: 0x000000000dca0000,0x000000000dda0000] [id=11068]
  0x000000000e2a7800 WatcherThread [stack: 0x000000000ed50000,0x000000000ee50000] [id=3016]

VM state:not at safepoint (normal execution)

VM Mutex/Monitor currently owned by a thread: None

Heap:
 PSYoungGen      total 1301504K, used 572667K [0x000000076b800000, 0x00000007c0000000, 0x00000007c0000000)
  eden space 1220608K, 42% used [0x000000076b800000,0x000000078b7d6fe0,0x00000007b6000000)
  from space 80896K, 60% used [0x00000007bb100000,0x00000007be068010,0x00000007c0000000)
  to   space 81920K, 0% used [0x00000007b6000000,0x00000007b6000000,0x00000007bb000000)
 ParOldGen       total 173568K, used 110561K [0x00000006c2800000, 0x00000006cd180000, 0x000000076b800000)
  object space 173568K, 63% used [0x00000006c2800000,0x00000006c93f8528,0x00000006cd180000)
 Metaspace       used 7028K, capacity 7226K, committed 7296K, reserved 1056768K
  class space    used 738K, capacity 830K, committed 896K, reserved 1048576K

Card table byte_map: [0x0000000002a80000,0x0000000003270000] byte_map_base: 0xffffffffff46c000

Marking Bits: (ParMarkBitMap*) 0x00000000689c0600
 Begin Bits: [0x0000000003bc0000, 0x0000000007b20000)
 End Bits:   [0x0000000007b20000, 0x000000000ba80000)

Polling page: 0x0000000000510000

CodeCache: size=245760Kb used=3593Kb max_used=3609Kb free=242167Kb
 bounds [0x000000000f010000, 0x000000000f3a0000, 0x000000001e010000]
 total_blobs=1208 nmethods=892 adapters=237
 compilation: enabled

Compilation events (10 events):
Event: 21.126 Thread 0x000000000e232800 nmethod 891% 0x000000000f38b410 code [0x000000000f38b5c0, 0x000000000f38c698]
Event: 21.129 Thread 0x000000000e232800  894       4       java.util.AbstractCollection::toString (89 bytes)
Event: 21.157 Thread 0x000000000e232800 nmethod 894 0x000000000f38d790 code [0x000000000f38d9c0, 0x000000000f38ece0]
Event: 21.169 Thread 0x000000000e22c000 nmethod 893 0x000000000f3901d0 code [0x000000000f3903e0, 0x000000000f392158]
Event: 22.445 Thread 0x000000000e282000  895 %     3       java.util.AbstractCollection::toString @ 32 (89 bytes)
Event: 22.447 Thread 0x000000000e282000 nmethod 895% 0x000000000f385090 code [0x000000000f385380, 0x000000000f386d28]
Event: 22.447 Thread 0x000000000e282000  896       3       java.util.AbstractCollection::toString (89 bytes)
Event: 22.448 Thread 0x000000000e282000 nmethod 896 0x000000000f393b50 code [0x000000000f393e40, 0x000000000f3956a8]
Event: 22.469 Thread 0x000000000e232800  897 %     4       java.util.AbstractCollection::toString @ 32 (89 bytes)
Event: 22.499 Thread 0x000000000e232800 nmethod 897% 0x000000000f398f10 code [0x000000000f399100, 0x000000000f39a4f8]

GC Heap History (10 events):
Event: 3.869 GC heap before
{Heap before GC invocations=6 (full 0):
 PSYoungGen      total 270848K, used 270840K [0x000000076b800000, 0x000000078fc00000, 0x00000007c0000000)
  eden space 260096K, 100% used [0x000000076b800000,0x000000077b600000,0x000000077b600000)
  from space 10752K, 99% used [0x000000077b600000,0x000000077c07e010,0x000000077c080000)
  to   space 36864K, 0% used [0x000000078d800000,0x000000078d800000,0x000000078fc00000)
 ParOldGen       total 173568K, used 39685K [0x00000006c2800000, 0x00000006cd180000, 0x000000076b800000)
  object space 173568K, 22% used [0x00000006c2800000,0x00000006c4ec1548,0x00000006cd180000)
 Metaspace       used 6639K, capacity 6874K, committed 7040K, reserved 1056768K
  class space    used 728K, capacity 798K, committed 896K, reserved 1048576K
Event: 3.892 GC heap after
Heap after GC invocations=6 (full 0):
 PSYoungGen      total 553984K, used 12536K [0x000000076b800000, 0x000000078f900000, 0x00000007c0000000)
  eden space 520192K, 0% used [0x000000076b800000,0x000000076b800000,0x000000078b400000)
  from space 33792K, 37% used [0x000000078d800000,0x000000078e43e020,0x000000078f900000)
  to   space 35328K, 0% used [0x000000078b400000,0x000000078b400000,0x000000078d680000)
 ParOldGen       total 173568K, used 39693K [0x00000006c2800000, 0x00000006cd180000, 0x000000076b800000)
  object space 173568K, 22% used [0x00000006c2800000,0x00000006c4ec3548,0x00000006cd180000)
 Metaspace       used 6639K, capacity 6874K, committed 7040K, reserved 1056768K
  class space    used 728K, capacity 798K, committed 896K, reserved 1048576K
}
Event: 5.048 GC heap before
{Heap before GC invocations=7 (full 0):
 PSYoungGen      total 553984K, used 532728K [0x000000076b800000, 0x000000078f900000, 0x00000007c0000000)
  eden space 520192K, 100% used [0x000000076b800000,0x000000078b400000,0x000000078b400000)
  from space 33792K, 37% used [0x000000078d800000,0x000000078e43e020,0x000000078f900000)
  to   space 35328K, 0% used [0x000000078b400000,0x000000078b400000,0x000000078d680000)
 ParOldGen       total 173568K, used 39693K [0x00000006c2800000, 0x00000006cd180000, 0x000000076b800000)
  object space 173568K, 22% used [0x00000006c2800000,0x00000006c4ec3548,0x00000006cd180000)
 Metaspace       used 6640K, capacity 6874K, committed 7040K, reserved 1056768K
  class space    used 728K, capacity 798K, committed 896K, reserved 1048576K
Event: 5.110 GC heap after
Heap after GC invocations=7 (full 0):
 PSYoungGen      total 555520K, used 35296K [0x000000076b800000, 0x00000007b1800000, 0x00000007c0000000)
  eden space 520192K, 0% used [0x000000076b800000,0x000000076b800000,0x000000078b400000)
  from space 35328K, 99% used [0x000000078b400000,0x000000078d678010,0x000000078d680000)
  to   space 53248K, 0% used [0x00000007ae400000,0x00000007ae400000,0x00000007b1800000)
 ParOldGen       total 173568K, used 62553K [0x00000006c2800000, 0x00000006cd180000, 0x000000076b800000)
  object space 173568K, 36% used [0x00000006c2800000,0x00000006c6516518,0x00000006cd180000)
 Metaspace       used 6640K, capacity 6874K, committed 7040K, reserved 1056768K
  class space    used 728K, capacity 798K, committed 896K, reserved 1048576K
}
Event: 5.808 GC heap before
{Heap before GC invocations=8 (full 0):
 PSYoungGen      total 555520K, used 555488K [0x000000076b800000, 0x00000007b1800000, 0x00000007c0000000)
  eden space 520192K, 100% used [0x000000076b800000,0x000000078b400000,0x000000078b400000)
  from space 35328K, 99% used [0x000000078b400000,0x000000078d678010,0x000000078d680000)
  to   space 53248K, 0% used [0x00000007ae400000,0x00000007ae400000,0x00000007b1800000)
 ParOldGen       total 173568K, used 62553K [0x00000006c2800000, 0x00000006cd180000, 0x000000076b800000)
  object space 173568K, 36% used [0x00000006c2800000,0x00000006c6516518,0x00000006cd180000)
 Metaspace       used 6640K, capacity 6874K, committed 7040K, reserved 1056768K
  class space    used 728K, capacity 798K, committed 896K, reserved 1048576K
Event: 5.867 GC heap after
Heap after GC invocations=8 (full 0):
 PSYoungGen      total 1069568K, used 53216K [0x000000076b800000, 0x00000007b4700000, 0x00000007c0000000)
  eden space 1016320K, 0% used [0x000000076b800000,0x000000076b800000,0x00000007a9880000)
  from space 53248K, 99% used [0x00000007ae400000,0x00000007b17f8010,0x00000007b1800000)
  to   space 77312K, 0% used [0x00000007a9880000,0x00000007a9880000,0x00000007ae400000)
 ParOldGen       total 173568K, used 95897K [0x00000006c2800000, 0x00000006cd180000, 0x000000076b800000)
  object space 173568K, 55% used [0x00000006c2800000,0x00000006c85a6518,0x00000006cd180000)
 Metaspace       used 6640K, capacity 6874K, committed 7040K, reserved 1056768K
  class space    used 728K, capacity 798K, committed 896K, reserved 1048576K
}
Event: 8.706 GC heap before
{Heap before GC invocations=9 (full 0):
 PSYoungGen      total 1069568K, used 1069536K [0x000000076b800000, 0x00000007b4700000, 0x00000007c0000000)
  eden space 1016320K, 100% used [0x000000076b800000,0x00000007a9880000,0x00000007a9880000)
  from space 53248K, 99% used [0x00000007ae400000,0x00000007b17f8010,0x00000007b1800000)
  to   space 77312K, 0% used [0x00000007a9880000,0x00000007a9880000,0x00000007ae400000)
 ParOldGen       total 173568K, used 95897K [0x00000006c2800000, 0x00000006cd180000, 0x000000076b800000)
  object space 173568K, 55% used [0x00000006c2800000,0x00000006c85a6518,0x00000006cd180000)
 Metaspace       used 6640K, capacity 6874K, committed 7040K, reserved 1056768K
  class space    used 728K, capacity 798K, committed 896K, reserved 1048576K
Event: 8.769 GC heap after
Heap after GC invocations=9 (full 0):
 PSYoungGen      total 1093632K, used 51296K [0x000000076b800000, 0x00000007c0000000, 0x00000007c0000000)
  eden space 1016320K, 0% used [0x000000076b800000,0x000000076b800000,0x00000007a9880000)
  from space 77312K, 66% used [0x00000007a9880000,0x00000007aca98020,0x00000007ae400000)
  to   space 80896K, 0% used [0x00000007bb100000,0x00000007bb100000,0x00000007c0000000)
 ParOldGen       total 173568K, used 102505K [0x00000006c2800000, 0x00000006cd180000, 0x000000076b800000)
  object space 173568K, 59% used [0x00000006c2800000,0x00000006c8c1a528,0x00000006cd180000)
 Metaspace       used 6640K, capacity 6874K, committed 7040K, reserved 1056768K
  class space    used 728K, capacity 798K, committed 896K, reserved 1048576K
}
Event: 11.602 GC heap before
{Heap before GC invocations=10 (full 0):
 PSYoungGen      total 1093632K, used 1067616K [0x000000076b800000, 0x00000007c0000000, 0x00000007c0000000)
  eden space 1016320K, 100% used [0x000000076b800000,0x00000007a9880000,0x00000007a9880000)
  from space 77312K, 66% used [0x00000007a9880000,0x00000007aca98020,0x00000007ae400000)
  to   space 80896K, 0% used [0x00000007bb100000,0x00000007bb100000,0x00000007c0000000)
 ParOldGen       total 173568K, used 102505K [0x00000006c2800000, 0x00000006cd180000, 0x000000076b800000)
  object space 173568K, 59% used [0x00000006c2800000,0x00000006c8c1a528,0x00000006cd180000)
 Metaspace       used 6642K, capacity 6874K, committed 7040K, reserved 1056768K
  class space    used 728K, capacity 798K, committed 896K, reserved 1048576K
Event: 11.670 GC heap after
Heap after GC invocations=10 (full 0):
 PSYoungGen      total 1301504K, used 48544K [0x000000076b800000, 0x00000007c0000000, 0x00000007c0000000)
  eden space 1220608K, 0% used [0x000000076b800000,0x000000076b800000,0x00000007b6000000)
  from space 80896K, 60% used [0x00000007bb100000,0x00000007be068010,0x00000007c0000000)
  to   space 81920K, 0% used [0x00000007b6000000,0x00000007b6000000,0x00000007bb000000)
 ParOldGen       total 173568K, used 110561K [0x00000006c2800000, 0x00000006cd180000, 0x000000076b800000)
  object space 173568K, 63% used [0x00000006c2800000,0x00000006c93f8528,0x00000006cd180000)
 Metaspace       used 6642K, capacity 6874K, committed 7040K, reserved 1056768K
  class space    used 728K, capacity 798K, committed 896K, reserved 1048576K
}

Deoptimization events (10 events):
Event: 21.064 Thread 0x00000000025c2800 Uncommon trap: reason=unstable_if action=reinterpret pc=0x000000000f37a918 method=java.util.TreeMap.successor(Ljava/util/TreeMap$Entry;)Ljava/util/TreeMap$Entry; @ 43
Event: 21.064 Thread 0x00000000025c2800 Uncommon trap: reason=unstable_if action=reinterpret pc=0x000000000f30fdd8 method=java.util.TreeMap$PrivateEntryIterator.hasNext()Z @ 4
Event: 21.065 Thread 0x00000000025c2800 Uncommon trap: reason=unstable_if action=reinterpret pc=0x000000000f375230 method=java.lang.Integer.getChars(II[C)V @ 20
Event: 21.065 Thread 0x00000000025c2800 Uncommon trap: reason=unstable_if action=reinterpret pc=0x000000000f36d270 method=java.lang.Integer.getChars(II[C)V @ 20
Event: 21.104 Thread 0x00000000025c2800 Uncommon trap: reason=unstable_if action=reinterpret pc=0x000000000f389590 method=java.lang.Integer.getChars(II[C)V @ 20
Event: 21.155 Thread 0x00000000025c2800 Uncommon trap: reason=unstable_if action=reinterpret pc=0x000000000f38c2d0 method=java.util.AbstractCollection.toString()Ljava/lang/String; @ 61
Event: 21.189 Thread 0x00000000025c2800 Uncommon trap: reason=class_check action=maybe_recompile pc=0x000000000f38e648 method=java.util.AbstractCollection.toString()Ljava/lang/String; @ 56
Event: 22.394 Thread 0x00000000025c2800 Uncommon trap: reason=class_check action=maybe_recompile pc=0x000000000f38e648 method=java.util.AbstractCollection.toString()Ljava/lang/String; @ 56
Event: 22.420 Thread 0x00000000025c2800 Uncommon trap: reason=class_check action=maybe_recompile pc=0x000000000f38e648 method=java.util.AbstractCollection.toString()Ljava/lang/String; @ 56
Event: 22.442 Thread 0x00000000025c2800 Uncommon trap: reason=class_check action=maybe_recompile pc=0x000000000f38e648 method=java.util.AbstractCollection.toString()Ljava/lang/String; @ 56

Internal exceptions (9 events):
Event: 0.036 Thread 0x00000000025c2800 Exception <a 'java/lang/NoSuchMethodError': Method sun.misc.Unsafe.defineClass(Ljava/lang/String;[BII)Ljava/lang/Class; name or signature does not match> (0x000000076b807cc0) thrown at [D:\re\workspace\8-2-build-windows-amd64-cygwin\jdk8u77\6540\hotspot\srËõ~§Lt¢?
Event: 0.036 Thread 0x00000000025c2800 Exception <a 'java/lang/NoSuchMethodError': Method sun.misc.Unsafe.prefetchRead(Ljava/lang/Object;J)V name or signature does not match> (0x000000076b807fa8) thrown at [D:\re\workspace\8-2-build-windows-amd64-cygwin\jdk8u77\6540\hotspot\src\share\vm\prims\jÖwÌ5{‘?
Event: 0.320 Thread 0x00000000025c2800 Exception <a 'java/security/PrivilegedActionException'> (0x000000076b9281a8) thrown at [D:\re\workspace\8-2-build-windows-amd64-cygwin\jdk8u77\6540\hotspot\src\share\vm\prims\jvm.cpp, line 1386]
Event: 0.320 Thread 0x00000000025c2800 Exception <a 'java/security/PrivilegedActionException'> (0x000000076b9283b8) thrown at [D:\re\workspace\8-2-build-windows-amd64-cygwin\jdk8u77\6540\hotspot\src\share\vm\prims\jvm.cpp, line 1386]
Event: 0.321 Thread 0x00000000025c2800 Exception <a 'java/security/PrivilegedActionException'> (0x000000076b92c200) thrown at [D:\re\workspace\8-2-build-windows-amd64-cygwin\jdk8u77\6540\hotspot\src\share\vm\prims\jvm.cpp, line 1386]
Event: 0.321 Thread 0x00000000025c2800 Exception <a 'java/security/PrivilegedActionException'> (0x000000076b92c410) thrown at [D:\re\workspace\8-2-build-windows-amd64-cygwin\jdk8u77\6540\hotspot\src\share\vm\prims\jvm.cpp, line 1386]
Event: 0.448 Thread 0x00000000025c2800 Exception <a 'java/lang/NoSuchFieldError': method resolution failed> (0x000000076bd65c10) thrown at [D:\re\workspace\8-2-build-windows-amd64-cygwin\jdk8u77\6540\hotspot\src\share\vm\prims\methodHandles.cpp, line 1146]
Event: 0.455 Thread 0x00000000025c2800 Exception <a 'java/lang/NoSuchFieldError': method resolution failed> (0x000000076bd72f90) thrown at [D:\re\workspace\8-2-build-windows-amd64-cygwin\jdk8u77\6540\hotspot\src\share\vm\prims\methodHandles.cpp, line 1146]
Event: 2.180 Thread 0x00000000025c2800 Implicit null exception at 0x000000000f2d66ed to 0x000000000f2d6789

Events (10 events):
Event: 564.683 Executing VM operation: RedefineClasses
Event: 564.687 Executing VM operation: RedefineClasses done
Event: 564.701 Executing VM operation: ChangeBreakpoints
Event: 564.701 Executing VM operation: ChangeBreakpoints done
Event: 587.284 Executing VM operation: RedefineClasses
Event: 587.288 Executing VM operation: RedefineClasses done
Event: 587.302 Executing VM operation: ChangeBreakpoints
Event: 587.302 Executing VM operation: ChangeBreakpoints done
Event: 666.712 Executing VM operation: RedefineClasses
Event: 666.716 Executing VM operation: RedefineClasses done


Dynamic libraries:
0x00007ff69d2e0000 - 0x00007ff69d317000 	K:\Program Files\Java\jdk1.8.0_77\bin\javaw.exe
0x00007ffcd31e0000 - 0x00007ffcd33a1000 	C:\Windows\SYSTEM32\ntdll.dll
0x00007ffcd0810000 - 0x00007ffcd08bd000 	C:\Windows\system32\KERNEL32.DLL
0x00007ffcd00a0000 - 0x00007ffcd0288000 	C:\Windows\system32\KERNELBASE.dll
0x00007ffcd0d10000 - 0x00007ffcd0db7000 	C:\Windows\system32\ADVAPI32.dll
0x00007ffcd1040000 - 0x00007ffcd10dd000 	C:\Windows\system32\msvcrt.dll
0x00007ffcd2cf0000 - 0x00007ffcd2d4b000 	C:\Windows\system32\sechost.dll
0x00007ffcd2920000 - 0x00007ffcd2a3c000 	C:\Windows\system32\RPCRT4.dll
0x00007ffcd1260000 - 0x00007ffcd13b6000 	C:\Windows\system32\USER32.dll
0x00007ffcd2a40000 - 0x00007ffcd2bc6000 	C:\Windows\system32\GDI32.dll
0x00007ffcca9b0000 - 0x00007ffccac24000 	C:\Windows\WinSxS\amd64_microsoft.windows.common-controls_6595b64144ccf1df_6.0.10586.0_none_8c15ae12515e1c22\COMCTL32.dll
0x00007ffcd0dc0000 - 0x00007ffcd103d000 	C:\Windows\system32\combase.dll
0x00007ffcd0460000 - 0x00007ffcd04ca000 	C:\Windows\system32\bcryptPrimitives.dll
0x00007ffcd2cb0000 - 0x00007ffcd2ceb000 	C:\Windows\system32\IMM32.DLL
0x00007ffccf650000 - 0x00007ffccf681000 	C:\Windows\system32\nvinitx.dll
0x00007ffccf640000 - 0x00007ffccf64a000 	C:\Windows\SYSTEM32\VERSION.dll
0x000000000f000000 - 0x000000000f006000 	C:\Program Files\NVIDIA Corporation\CoProcManager\_etoured.dll
0x00007ffcccfa0000 - 0x00007ffcccfd2000 	C:\Program Files\NVIDIA Corporation\CoProcManager\nvd3d9wrapx.dll
0x00007ffcd08d0000 - 0x00007ffcd0cf9000 	C:\Windows\system32\SETUPAPI.dll
0x00007ffcd0050000 - 0x00007ffcd0093000 	C:\Windows\system32\CFGMGR32.dll
0x00007ffccce20000 - 0x00007ffccce42000 	C:\Program Files\NVIDIA Corporation\CoProcManager\nvdxgiwrapx.dll
0x0000000068a40000 - 0x0000000068b12000 	K:\Program Files\Java\jdk1.8.0_77\jre\bin\msvcr100.dll
0x00000000681b0000 - 0x0000000068a40000 	K:\Program Files\Java\jdk1.8.0_77\jre\bin\server\jvm.dll
0x00007ffcd10e0000 - 0x00007ffcd10e8000 	C:\Windows\system32\PSAPI.DLL
0x00007ffcc46f0000 - 0x00007ffcc46f9000 	C:\Windows\SYSTEM32\WSOCK32.dll
0x00007ffccda30000 - 0x00007ffccda53000 	C:\Windows\SYSTEM32\WINMM.dll
0x00007ffcd2c40000 - 0x00007ffcd2cab000 	C:\Windows\system32\WS2_32.dll
0x0000000000b10000 - 0x0000000000b3c000 	C:\Windows\SYSTEM32\WINMMBASE.dll
0x00000000681a0000 - 0x00000000681af000 	K:\Program Files\Java\jdk1.8.0_77\jre\bin\verify.dll
0x0000000068170000 - 0x0000000068199000 	K:\Program Files\Java\jdk1.8.0_77\jre\bin\java.dll
0x00000000680d0000 - 0x0000000068105000 	K:\Program Files\Java\jdk1.8.0_77\jre\bin\jdwp.dll
0x00000000680c0000 - 0x00000000680c8000 	K:\Program Files\Java\jdk1.8.0_77\jre\bin\npt.dll
0x0000000068150000 - 0x0000000068166000 	K:\Program Files\Java\jdk1.8.0_77\jre\bin\zip.dll
0x00007ffcd13c0000 - 0x00007ffcd291c000 	C:\Windows\system32\SHELL32.dll
0x00007ffccf9e0000 - 0x00007ffcd0024000 	C:\Windows\system32\windows.storage.dll
0x00007ffcd1200000 - 0x00007ffcd1252000 	C:\Windows\system32\shlwapi.dll
0x00007ffccf880000 - 0x00007ffccf88f000 	C:\Windows\system32\kernel.appcore.dll
0x00007ffccf890000 - 0x00007ffccf945000 	C:\Windows\system32\shcore.dll
0x00007ffccf800000 - 0x00007ffccf84b000 	C:\Windows\system32\powrprof.dll
0x00007ffccf850000 - 0x00007ffccf864000 	C:\Windows\system32\profapi.dll
0x00000000680b0000 - 0x00000000680b9000 	K:\Program Files\Java\jdk1.8.0_77\jre\bin\dt_socket.dll
0x00007ffcc3af0000 - 0x00007ffcc3b06000 	C:\Windows\system32\napinsp.dll
0x00007ffcc3520000 - 0x00007ffcc353a000 	C:\Windows\system32\pnrpnsp.dll
0x00007ffccd620000 - 0x00007ffccd638000 	C:\Windows\system32\NLAapi.dll
0x00007ffccf0e0000 - 0x00007ffccf13c000 	C:\Windows\System32\mswsock.dll
0x00007ffcce1d0000 - 0x00007ffcce27a000 	C:\Windows\SYSTEM32\DNSAPI.dll
0x00007ffcd08c0000 - 0x00007ffcd08c8000 	C:\Windows\system32\NSI.dll
0x00007ffcbf6a0000 - 0x00007ffcbf6ad000 	C:\Windows\System32\winrnr.dll
0x00007ffcbf470000 - 0x00007ffcbf485000 	C:\Windows\System32\wshbth.dll
0x00000000694c0000 - 0x00000000694e6000 	C:\Program Files\Bonjour\mdnsNSP.dll
0x00007ffcc9090000 - 0x00007ffcc90c8000 	C:\Windows\SYSTEM32\Iphlpapi.DLL
0x00007ffcc90e0000 - 0x00007ffcc9147000 	C:\Windows\System32\fwpuclnt.dll
0x00007ffccf730000 - 0x00007ffccf759000 	C:\Windows\SYSTEM32\bcrypt.dll
0x00007ffcc5710000 - 0x00007ffcc571a000 	C:\Windows\System32\rasadhlp.dll
0x0000000068130000 - 0x000000006814a000 	K:\Program Files\Java\jdk1.8.0_77\jre\bin\net.dll
0x0000000068110000 - 0x0000000068121000 	K:\Program Files\Java\jdk1.8.0_77\jre\bin\nio.dll
0x00007ffccf190000 - 0x00007ffccf1a7000 	C:\Windows\SYSTEM32\CRYPTSP.dll
0x00007ffccedc0000 - 0x00007ffccedf4000 	C:\Windows\system32\rsaenh.dll
0x00007ffccef10000 - 0x00007ffccef2f000 	C:\Windows\SYSTEM32\USERENV.dll
0x00007ffccf2b0000 - 0x00007ffccf2bb000 	C:\Windows\SYSTEM32\CRYPTBASE.dll
0x00007ffcc9070000 - 0x00007ffcc9086000 	C:\Windows\SYSTEM32\dhcpcsvc6.DLL
0x00007ffcc9050000 - 0x00007ffcc906a000 	C:\Windows\SYSTEM32\dhcpcsvc.DLL
0x0000000180000000 - 0x0000000180038000 	C:\Users\Person\AppData\Local\Temp\jna--1907849355\jna84564218642061005.dll
0x00007ffcb01f0000 - 0x00007ffcb043e000 	K:\Work\WeiBoProject\NLPIR.DLL
0x00007ffcd10f0000 - 0x00007ffcd11fb000 	C:\Windows\system32\COMDLG32.dll
0x00007ffccf950000 - 0x00007ffccf9d6000 	C:\Windows\system32\FirewallAPI.dll
0x00007ffcc99a0000 - 0x00007ffcc9a24000 	C:\Windows\SYSTEM32\WINSPOOL.DRV
0x000000000e720000 - 0x000000000e737000 	C:\Windows\system32\NETAPI32.dll
0x00007ffcd2d50000 - 0x00007ffcd2e93000 	C:\Windows\system32\ole32.dll
0x00007ffcd05e0000 - 0x00007ffcd06a1000 	C:\Windows\system32\OLEAUT32.dll
0x00007ffcca9a0000 - 0x00007ffcca9ac000 	C:\Windows\SYSTEM32\DAVHLPR.DLL
0x00007ffccacd0000 - 0x00007ffccacd7000 	C:\Windows\SYSTEM32\MSIMG32.dll
0x00007ffcc9930000 - 0x00007ffcc999a000 	C:\Windows\SYSTEM32\OLEACC.dll
0x00007ffcca390000 - 0x00007ffcca538000 	C:\Windows\WinSxS\amd64_microsoft.windows.gdiplus_6595b64144ccf1df_1.1.10586.20_none_db007f1392e69ef4\gdiplus.dll
0x00007ffcce530000 - 0x00007ffcce562000 	C:\Windows\system32\fwbase.dll
0x00007ffcce130000 - 0x00007ffcce1c6000 	C:\Windows\SYSTEM32\UxTheme.dll
0x00007ffcccdb0000 - 0x00007ffcccdd2000 	C:\Windows\system32\dwmapi.dll
0x00007ffcc3ba0000 - 0x00007ffcc3d2c000 	C:\Windows\SYSTEM32\dbghelp.dll

VM Arguments:
jvm_args: -agentlib:jdwp=transport=dt_socket,suspend=y,address=localhost:56288 -Dfile.encoding=GBK 
java_command: com.classifier.MainClassifier
java_class_path (initial): K:\Work\WeiBoProject\build\classes;K:\Work\WeiBoProject\WebContent\WEB-INF\lib\51CTOœ¬‘ÿ-mysql-connector-java-5.1.31-bin.jar;K:\Work\WeiBoProject\WebContent\WEB-INF\lib\ECharts-3.0.0.1.jar;K:\Work\WeiBoProject\WebContent\WEB-INF\lib\gson-2.2.4.jar;K:\Work\WeiBoProject\WebContent\WEB-INF\lib\jna-4.0.0.jar;K:\Work\WeiBoProject\WebContent\WEB-INF\lib\jsoup-proxy-1.8.1.jar;K:\Work\WeiBoProject\WebContent\WEB-INF\lib\jstl-1.2.jar;K:\Work\WeiBoProject\WebContent\WEB-INF\lib\log4j-1.2.17.jar;K:\Work\WeiBoProject\WebContent\WEB-INF\lib\standard.jar;G:\≤¢––≥Ã–Ú…Ëº∆\51CTOœ¬‘ÿ-mysql-connector-java-5.1.31-bin.jar;G:\±œ…Ë\jsoup-proxy-1.8.1.jar;K:\Work\WeiBoProject\jna-4.0.0.jar;K:\apache-tomcat-8.0.33\lib\51CTOœ¬‘ÿ-mysql-connector-java-5.1.31-bin.jar;K:\apache-tomcat-8.0.33\lib\annotations-api.jar;K:\apache-tomcat-8.0.33\lib\catalina-ant.jar;K:\apache-tomcat-8.0.33\lib\catalina-ha.jar;K:\apache-tomcat-8.0.33\lib\catalina-storeconfig.jar;K:\apache-tomcat-8.0.33\lib\catalina-tribes.jar;K:\apache-tomcat-8.0.33\lib\catalina.jar;K:\apache-tomcat-8.0.33\lib\commons-beanutils-1.9.2.jar;K:\apache-tomcat-8.0.33\lib\commons-collections-3.2.1.jar;K:\apache-tomcat-8.0.33\lib\commons-lang-2.6.jar;K:\apache-tomcat-8.0.33\lib\commons-lang3-3.4.jar;K:\apache-tomcat-8.0.33\lib\commons-logging-1.2.jar;K:\apache-tomcat-8.0.33\lib\ECharts-3.0.0.1.jar;K:\apache-tomcat-8.0.33\lib\ecj-4.5.jar;K:\apache-tomcat-8.0.33\lib\el-api.jar;K:\apache-tomcat-8.0.33\lib\ezmorph-1.0.6.jar;K:\apache-tomcat-8.0.33\lib\gson-2.2.4.jar;K:\apache-tomcat-8.0.33\lib\jasper-el.jar;K:\apache-tomcat-8.0.33\lib\jasper.jar;K:\apache-tomcat-8.0.33\lib\jna-4.0.0.jar;K:\apache-tomcat-8.0.33\lib\json-lib-2.4-jdk15.jar;K:\apache-tomcat-8.0.33\lib\jsoup-proxy-1.8.1.jar;K:\apache-tomcat-8.0.33\lib\jsp-api.jar;K:\apache-tomcat-8.0.33\lib\jstl-1.2.jar;K:\apache-tomcat-8.0.33\lib\log4j-1.2.17.jar;K:\apache-tomcat-8.0.33\lib\servlet-api.jar;K:\apache-tomcat-8.0.33\lib\standard.jar;K:\apache-tomcat-8.0.33\lib\
Launcher Type: SUN_STANDARD

Environment Variables:
PATH=K:\Program Files\Java\jdk1.8.0_77\jre\bin;C:/Program Files/Java/jre1.8.0_91/bin/server;C:/Program Files/Java/jre1.8.0_91/bin;C:/Program Files/Java/jre1.8.0_91/lib/amd64;C:\ProgramData\Oracle\Java\javapath;C:\Windows\system32;C:\Windows;C:\Windows\System32\Wbem;C:\Windows\System32\WindowsPowerShell\v1.0\;K:\mysql-5.6.29-winx64\bin;C:\Program Files (x86)\scala\bin;K:\eclipse;
USERNAME=Person
OS=Windows_NT
PROCESSOR_IDENTIFIER=Intel64 Family 6 Model 42 Stepping 7, GenuineIntel



---------------  S Y S T E M  ---------------

OS: Windows 10.0 , 64 bit Build 10586 (10.0.10586.0)

CPU:total 4 (2 cores per cpu, 2 threads per core) family 6 model 42 stepping 7, cmov, cx8, fxsr, mmx, sse, sse2, sse3, ssse3, sse4.1, sse4.2, popcnt, avx, aes, clmul, ht, tsc, tscinvbit

Memory: 4k page, physical 16609644k(9621832k free), swap 18182508k(9846840k free)

vm_info: Java HotSpot(TM) 64-Bit Server VM (25.77-b03) for windows-amd64 JRE (1.8.0_77-b03), built on Mar 20 2016 22:01:33 by "java_re" with MS VC++ 10.0 (VS2010)

time: Thu Jun 02 14:40:16 2016
elapsed time: 666 seconds (0d 0h 11m 6s)

